<?xml version="1.0" encoding="UTF-8"?>
<testsuite xmlns:xsi="http://www.w3.org/2001/XMLSchema-instance" xsi:noNamespaceSchemaLocation="https://maven.apache.org/surefire/maven-surefire-plugin/xsd/surefire-test-report.xsd" version="3.0.2" name="com.substring.chat.ChatAppBackendApplicationTests" time="3.994" tests="1" errors="0" skipped="0" failures="0">
  <properties>
[...]
</properties>
  <testcase name="contextLoads" classname="com.substring.chat.ChatAppBackendApplicationTests" time="1.056">
    <system-out><![CDATA[10:33:57.060 [main] INFO org.springframework.test.context.support.AnnotationConfigContextLoaderUtils -- Could not detect default configuration classes for test class [com.substring.chat.ChatAppBackendApplicationTests]: ChatAppBackendApplicationTests does not declare any static, non-private, non-final, nested classes annotated with @Configuration.
10:33:57.175 [main] INFO org.springframework.boot.test.context.SpringBootTestContextBootstrapper -- Found @SpringBootConfiguration com.substring.chat.ChatAppBackendApplication for test class com.substring.chat.ChatAppBackendApplicationTests
10:33:57.351 [main] INFO org.springframework.boot.devtools.restart.RestartApplicationListener -- Restart disabled due to context in which it is running

  .   ____          _            __ _ _
 /\\ / ___'_ __ _ _(_)_ __  __ _ \ \ \ \
( ( )\___ | '_ | '_| | '_ \/ _` | \ \ \ \
 \\/  ___)| |_)| | | | | || (_| |  ) ) ) )
  '  |____| .__|_| |_|_| |_\__, | / / / /
 =========|_|==============|___/=/_/_/_/

 :: Spring Boot ::                (v3.4.0)

2024-12-13T10:33:57.643+05:30  INFO 3096 --- [chat-app-backend] [           main] c.s.chat.ChatAppBackendApplicationTests  : Starting ChatAppBackendApplicationTests using Java 17.0.5 with PID 3096 (started by admin in C:\Users\admin\Desktop\RENDER\chat-app)
2024-12-13T10:33:57.646+05:30  INFO 3096 --- [chat-app-backend] [           main] c.s.chat.ChatAppBackendApplicationTests  : No active profile set, falling back to 1 default profile: "default"
2024-12-13T10:33:58.145+05:30  INFO 3096 --- [chat-app-backend] [           main] .s.d.r.c.RepositoryConfigurationDelegate : Bootstrapping Spring Data MongoDB repositories in DEFAULT mode.
2024-12-13T10:33:58.196+05:30  INFO 3096 --- [chat-app-backend] [           main] .s.d.r.c.RepositoryConfigurationDelegate : Finished Spring Data repository scanning in 44 ms. Found 1 MongoDB repository interface.
2024-12-13T10:33:58.818+05:30  INFO 3096 --- [chat-app-backend] [           main] org.mongodb.driver.client                : MongoClient with metadata {"driver": {"name": "mongo-java-driver|sync", "version": "5.2.1"}, "os": {"type": "Windows", "name": "Windows 10", "architecture": "amd64", "version": "10.0"}, "platform": "Java/Eclipse Adoptium/17.0.5+8"} created with settings MongoClientSettings{readPreference=primary, writeConcern=WriteConcern{w=majority, wTimeout=null ms, journal=null}, retryWrites=true, retryReads=true, readConcern=ReadConcern{level=null}, credential=MongoCredential{mechanism=null, userName='user1', source='admin', password=<hidden>, mechanismProperties=<hidden>}, transportSettings=null, commandListeners=[], codecRegistry=ProvidersCodecRegistry{codecProviders=[ValueCodecProvider{}, BsonValueCodecProvider{}, DBRefCodecProvider{}, DBObjectCodecProvider{}, DocumentCodecProvider{}, CollectionCodecProvider{}, IterableCodecProvider{}, MapCodecProvider{}, GeoJsonCodecProvider{}, GridFSFileCodecProvider{}, Jsr310CodecProvider{}, JsonObjectCodecProvider{}, BsonCodecProvider{}, EnumCodecProvider{}, com.mongodb.client.model.mql.ExpressionCodecProvider@33d60b7e, com.mongodb.Jep395RecordCodecProvider@1fecfaea, com.mongodb.KotlinCodecProvider@4872669f]}, loggerSettings=LoggerSettings{maxDocumentLength=1000}, clusterSettings={hosts=[127.0.0.1:27017], srvHost=cluster0.rkkfnby.mongodb.net, srvServiceName=mongodb, mode=MULTIPLE, requiredClusterType=REPLICA_SET, requiredReplicaSetName='atlas-b4pfsh-shard-0', serverSelector='null', clusterListeners='[]', serverSelectionTimeout='30000 ms', localThreshold='15 ms'}, socketSettings=SocketSettings{connectTimeoutMS=10000, readTimeoutMS=0, receiveBufferSize=0, proxySettings=ProxySettings{host=null, port=null, username=null, password=null}}, heartbeatSocketSettings=SocketSettings{connectTimeoutMS=10000, readTimeoutMS=10000, receiveBufferSize=0, proxySettings=ProxySettings{host=null, port=null, username=null, password=null}}, connectionPoolSettings=ConnectionPoolSettings{maxSize=100, minSize=0, maxWaitTimeMS=120000, maxConnectionLifeTimeMS=0, maxConnectionIdleTimeMS=0, maintenanceInitialDelayMS=0, maintenanceFrequencyMS=60000, connectionPoolListeners=[], maxConnecting=2}, serverSettings=ServerSettings{heartbeatFrequencyMS=10000, minHeartbeatFrequencyMS=500, serverMonitoringMode=AUTO, serverListeners='[]', serverMonitorListeners='[]'}, sslSettings=SslSettings{enabled=true, invalidHostNameAllowed=false, context=null}, applicationName='null', compressorList=[], uuidRepresentation=UNSPECIFIED, serverApi=null, autoEncryptionSettings=null, dnsClient=null, inetAddressResolver=null, contextProvider=null, timeoutMS=null}
2024-12-13T10:33:58.823+05:30  INFO 3096 --- [chat-app-backend] [nby.mongodb.net] org.mongodb.driver.cluster               : Adding discovered server ac-lwdshdw-shard-00-00.rkkfnby.mongodb.net:27017 to client view of cluster
2024-12-13T10:33:58.854+05:30  INFO 3096 --- [chat-app-backend] [nby.mongodb.net] org.mongodb.driver.cluster               : Adding discovered server ac-lwdshdw-shard-00-02.rkkfnby.mongodb.net:27017 to client view of cluster
2024-12-13T10:33:58.858+05:30  INFO 3096 --- [chat-app-backend] [nby.mongodb.net] org.mongodb.driver.cluster               : Adding discovered server ac-lwdshdw-shard-00-01.rkkfnby.mongodb.net:27017 to client view of cluster
2024-12-13T10:33:59.793+05:30  INFO 3096 --- [chat-app-backend] [           main] o.s.m.s.b.SimpleBrokerMessageHandler     : Starting...
2024-12-13T10:33:59.796+05:30  INFO 3096 --- [chat-app-backend] [           main] o.s.m.s.b.SimpleBrokerMessageHandler     : BrokerAvailabilityEvent[available=true, SimpleBrokerMessageHandler [org.springframework.messaging.simp.broker.DefaultSubscriptionRegistry@416b1265]]
2024-12-13T10:33:59.796+05:30  INFO 3096 --- [chat-app-backend] [           main] o.s.m.s.b.SimpleBrokerMessageHandler     : Started.
2024-12-13T10:33:59.805+05:30  INFO 3096 --- [chat-app-backend] [           main] c.s.chat.ChatAppBackendApplicationTests  : Started ChatAppBackendApplicationTests in 2.468 seconds (process running for 3.545)
2024-12-13T10:34:00.237+05:30  INFO 3096 --- [chat-app-backend] [ngodb.net:27017] org.mongodb.driver.cluster               : Monitor thread successfully connected to server with description ServerDescription{address=ac-lwdshdw-shard-00-00.rkkfnby.mongodb.net:27017, type=REPLICA_SET_SECONDARY, cryptd=false, state=CONNECTED, ok=true, minWireVersion=0, maxWireVersion=25, maxDocumentSize=16777216, logicalSessionTimeoutMinutes=30, roundTripTimeNanos=824059500, minRoundTripTimeNanos=0, setName='atlas-b4pfsh-shard-0', canonicalAddress=ac-lwdshdw-shard-00-00.rkkfnby.mongodb.net:27017, hosts=[ac-lwdshdw-shard-00-00.rkkfnby.mongodb.net:27017, ac-lwdshdw-shard-00-01.rkkfnby.mongodb.net:27017, ac-lwdshdw-shard-00-02.rkkfnby.mongodb.net:27017], passives=[], arbiters=[], primary='ac-lwdshdw-shard-00-01.rkkfnby.mongodb.net:27017', tagSet=TagSet{[Tag{name='availabilityZone', value='use1-az6'}, Tag{name='diskState', value='READY'}, Tag{name='nodeType', value='ELECTABLE'}, Tag{name='provider', value='AWS'}, Tag{name='region', value='US_EAST_1'}, Tag{name='workloadType', value='OPERATIONAL'}]}, electionId=null, setVersion=116, topologyVersion=TopologyVersion{processId=67589e9cbf8ac1e205401e01, counter=4}, lastWriteDate=Fri Dec 13 10:33:58 IST 2024, lastUpdateTimeNanos=259578709392600}
2024-12-13T10:34:00.238+05:30  INFO 3096 --- [chat-app-backend] [ngodb.net:27017] org.mongodb.driver.cluster               : Monitor thread successfully connected to server with description ServerDescription{address=ac-lwdshdw-shard-00-01.rkkfnby.mongodb.net:27017, type=REPLICA_SET_PRIMARY, cryptd=false, state=CONNECTED, ok=true, minWireVersion=0, maxWireVersion=25, maxDocumentSize=16777216, logicalSessionTimeoutMinutes=30, roundTripTimeNanos=824059900, minRoundTripTimeNanos=0, setName='atlas-b4pfsh-shard-0', canonicalAddress=ac-lwdshdw-shard-00-01.rkkfnby.mongodb.net:27017, hosts=[ac-lwdshdw-shard-00-00.rkkfnby.mongodb.net:27017, ac-lwdshdw-shard-00-01.rkkfnby.mongodb.net:27017, ac-lwdshdw-shard-00-02.rkkfnby.mongodb.net:27017], passives=[], arbiters=[], primary='ac-lwdshdw-shard-00-01.rkkfnby.mongodb.net:27017', tagSet=TagSet{[Tag{name='availabilityZone', value='use1-az1'}, Tag{name='diskState', value='READY'}, Tag{name='nodeType', value='ELECTABLE'}, Tag{name='provider', value='AWS'}, Tag{name='region', value='US_EAST_1'}, Tag{name='workloadType', value='OPERATIONAL'}]}, electionId=7fffffff0000000000000166, setVersion=116, topologyVersion=TopologyVersion{processId=67589eebca7cd865f1ccda2f, counter=6}, lastWriteDate=Fri Dec 13 10:33:58 IST 2024, lastUpdateTimeNanos=259578709392600}
2024-12-13T10:34:00.240+05:30  INFO 3096 --- [chat-app-backend] [ngodb.net:27017] org.mongodb.driver.cluster               : Monitor thread successfully connected to server with description ServerDescription{address=ac-lwdshdw-shard-00-02.rkkfnby.mongodb.net:27017, type=REPLICA_SET_SECONDARY, cryptd=false, state=CONNECTED, ok=true, minWireVersion=0, maxWireVersion=25, maxDocumentSize=16777216, logicalSessionTimeoutMinutes=30, roundTripTimeNanos=827859400, minRoundTripTimeNanos=0, setName='atlas-b4pfsh-shard-0', canonicalAddress=ac-lwdshdw-shard-00-02.rkkfnby.mongodb.net:27017, hosts=[ac-lwdshdw-shard-00-00.rkkfnby.mongodb.net:27017, ac-lwdshdw-shard-00-01.rkkfnby.mongodb.net:27017, ac-lwdshdw-shard-00-02.rkkfnby.mongodb.net:27017], passives=[], arbiters=[], primary='ac-lwdshdw-shard-00-01.rkkfnby.mongodb.net:27017', tagSet=TagSet{[Tag{name='availabilityZone', value='use1-az2'}, Tag{name='diskState', value='READY'}, Tag{name='nodeType', value='ELECTABLE'}, Tag{name='provider', value='AWS'}, Tag{name='region', value='US_EAST_1'}, Tag{name='workloadType', value='OPERATIONAL'}]}, electionId=null, setVersion=116, topologyVersion=TopologyVersion{processId=67589f386843ece942a11ca0, counter=3}, lastWriteDate=Fri Dec 13 10:33:58 IST 2024, lastUpdateTimeNanos=259578713188600}
2024-12-13T10:34:00.245+05:30  INFO 3096 --- [chat-app-backend] [ngodb.net:27017] org.mongodb.driver.cluster               : Discovered replica set primary ac-lwdshdw-shard-00-01.rkkfnby.mongodb.net:27017 with max election id 7fffffff0000000000000166 and max set version 116
]]></system-out>
  </testcase>
</testsuite>